<?xml version="1.0"?>

<!--
  ~ Copyright (c) 2019, Oracle and/or its affiliates. All rights reserved.
  ~ Licensed under the Universal Permissive License v 1.0 as shown at
  ~ http://oss.oracle.com/licenses/upl.
  -->

<pof-config xmlns:xsi="http://www.w3.org/2001/XMLSchema-instance"
            xmlns="http://xmlns.oracle.com/coherence/coherence-pof-config"
            xsi:schemaLocation="http://xmlns.oracle.com/coherence/coherence-pof-config coherence-pof-config.xsd">
    <user-type-list>
        <include>coherence-pof-config.xml</include>
        <user-type>
            <type-id>1001</type-id>
            <class-name>custom.Cloud</class-name>
        </user-type>
        <user-type>
            <type-id>1002</type-id>
            <class-name>custom.OCI</class-name>
        </user-type>
        <user-type>
            <type-id>1003</type-id>
            <class-name>custom.AWS</class-name>
        </user-type>
        <user-type>
            <type-id>1004</type-id>
            <class-name>custom.GCP</class-name>
        </user-type>
        <user-type>
            <type-id>1005</type-id>
            <class-name>custom.PortableCloud</class-name>
        </user-type>
        <user-type>
            <type-id>1006</type-id>
            <class-name>custom.CloudProcessor</class-name>
        </user-type>
    </user-type-list>
</pof-config>
